Arguments: 
  C:\Program Files\nodejs\node.exe C:\Users\91910\AppData\Roaming\npm\node_modules\yarn\bin\yarn.js add expo

PATH: 
  C:\Users\91910\bin;C:\Program Files\Git\mingw64\bin;C:\Program Files\Git\usr\local\bin;C:\Program Files\Git\usr\bin;C:\Program Files\Git\usr\bin;C:\Program Files\Git\mingw64\bin;C:\Program Files\Git\usr\bin;C:\Users\91910\bin;C:\Program Files\Common Files\Oracle\Java\javapath;C:\Python310\Scripts;C:\Python310;C:\WINDOWS\system32;C:\WINDOWS;C:\WINDOWS\System32\Wbem;C:\WINDOWS\System32\WindowsPowerShell\v1.0;C:\WINDOWS\System32\OpenSSH;C:\Program Files\Microsoft SQL Server\130\Tools\Binn;C:\Program Files\Microsoft SQL Server\120\Tools\Binn;C:\Program Files\Common Files\Autodesk Shared;C:\Users\91910\.dnx\bin;C:\Program Files\Microsoft DNX\Dnvm;C:\ProgramData\chocolatey\bin;C:\MinGW\bin;C:\Program Files\Java\jdk-16.0.1\bin;C:\Users\91910\AppData\Local\Programs\Microsoft VS Code\bin;C:\Program Files\php 8.0.1;C:\Program Files\visual studio;C:\Program Files\Java\jdk-17.0.2\bin;C:\Program Files\JetBrains\IntelliJ IDEA Community Edition 2021.1.1\bin;C:\Program Files\nodejs;C:\Program Files\Git\cmd;C:\Users\91910\AppData\Local\Programs\Python\Python39\Scripts;C:\Users\91910\AppData\Local\Programs\Python\Python39;C:\Users\91910\AppData\Local\Microsoft\WindowsApps;D:\vs code 2017\Microsoft VS Code\bin;C:\Users\91910\AppData\Local\GitHubDesktop\bin;C:\Program Files\JetBrains\IntelliJ IDEA Community Edition 2021.1.1\bin;C:\xampp\php;C:\xampp\htdocs\food-delevery-website;C:\Users\91910\AppData\Local\Programs\Microsoft VS Code\bin;C:\src\flutter\bin;C:\Users\91910\AppData\Roaming\npm;C:\Users\91910\AppData\Roaming\npm\node_modules\yarn\bin;C:\Program Files\Git\usr\bin\vendor_perl;C:\Program Files\Git\usr\bin\core_perl

Yarn version: 
  1.22.18

Node version: 
  18.1.0

Platform: 
  win32 x64

Trace: 
  Error: getaddrinfo ENOTFOUND registry.yarnpkg.com
      at GetAddrInfoReqWrap.onlookup [as oncomplete] (node:dns:83:26)

npm manifest: 
  {
    "name": "awesomeproject",
    "version": "1.0.0",
    "main": "node_modules/expo/AppEntry.js",
    "scripts": {
      "start": "expo start",
      "android": "expo start --android",
      "ios": "expo start --ios",
      "web": "expo start --web",
      "eject": "expo eject"
    },
    "dependencies": {
      "expo": "~45.0.0",
      "expo-status-bar": "~1.3.0",
      "react": "17.0.2",
      "react-dom": "17.0.2",
      "react-native": "0.68.2",
      "react-native-web": "0.17.7"
    },
    "devDependencies": {
      "@babel/core": "^7.12.9"
    },
    "private": true
  }

yarn manifest: 
  No manifest

Lockfile: 
  No lockfile
